<?xml version="1.0" encoding="utf-8"?><testsuites name="pytest tests"><testsuite name="pytest" errors="0" failures="0" skipped="0" tests="8" time="4.623" timestamp="2026-07-03T20:47:20.285891+00:00" hostname="agent-env-9f1809fd-fe2a-4b1d-93d3-25c1bb39eadd"><testcase classname="tests.test_iteration_13_video.TestVideoPipeline" name="test_upload_video_and_wait_for_processing" time="0.781" /><testcase classname="tests.test_iteration_13_video.TestVideoPipeline" name="test_thumbnail_becomes_ready" time="0.159" /><testcase classname="tests.test_iteration_13_video.TestVideoPipeline" name="test_thumbnail_endpoint_serves_jpeg" time="0.157" /><testcase classname="tests.test_iteration_13_video.TestVideoPipeline" name="test_preview_endpoint_serves_jpeg" time="0.149" /><testcase classname="tests.test_iteration_13_video.TestVideoPipeline" name="test_web_mp4_produced_and_no_tmp_leftover" time="2.287" /><testcase classname="tests.test_iteration_13_video.TestPhotoRegression" name="test_upload_photo_and_thumb" time="0.326" /><testcase classname="tests.test_iteration_13_video.TestShareSubmitFavourites" name="test_share_meta_open" time="0.142" /><testcase classname="tests.test_iteration_13_video.TestShareSubmitFavourites" name="test_favourite_toggle_and_submit" time="0.543" /></testsuite></testsuites>