<?xml version="1.0" encoding="utf-8"?><testsuites name="pytest tests"><testsuite name="pytest" errors="0" failures="1" skipped="0" tests="9" time="2.250" timestamp="2026-07-03T08:23:07.501433+00:00" hostname="agent-env-9f1809fd-fe2a-4b1d-93d3-25c1bb39eadd"><testcase classname="tests.test_iteration_3.TestSmtpSettings" name="test_smtp_requires_auth" time="0.234" /><testcase classname="tests.test_iteration_3.TestGalleryNotify" name="test_notify_gallery_not_found" time="0.752" /><testcase classname="tests.test_iteration_3.TestSmtpSettings" name="test_save_and_get_masks_password" time="0.726" /><testcase classname="tests.test_iteration_3.TestGalleryNotify" name="test_notify_requires_recipient" time="0.362" /><testcase classname="tests.test_iteration_3.TestSmtpSettings" name="test_save_preserves_password_when_blank" time="0.207" /><testcase classname="tests.test_iteration_3.TestGalleryNotify" name="test_notify_fails_gracefully_with_bogus_smtp" time="0.361" /><testcase classname="tests.test_iteration_3.TestSmtpTestSend" name="test_test_send_fails_gracefully" time="0.148"><failure message="requests.exceptions.JSONDecodeError: Expecting value: line 1 column 1 (char 0)">/root/.venv/lib/python3.11/site-packages/requests/models.py:1116: in json
    return complexjson.loads(self.text, **kwargs)
           ^^^^^^^^^^^^^^^^^^^^^^^^^^^^^^^^^^^^^^
/usr/local/lib/python3.11/json/__init__.py:346: in loads
    return _default_decoder.decode(s)
           ^^^^^^^^^^^^^^^^^^^^^^^^^^
/usr/local/lib/python3.11/json/decoder.py:337: in decode
    obj, end = self.raw_decode(s, idx=_w(s, 0).end())
               ^^^^^^^^^^^^^^^^^^^^^^^^^^^^^^^^^^^^^^
/usr/local/lib/python3.11/json/decoder.py:355: in raw_decode
    raise JSONDecodeError("Expecting value", s, err.value) from None
E   json.decoder.JSONDecodeError: Expecting value: line 1 column 1 (char 0)

During handling of the above exception, another exception occurred:
backend/tests/test_iteration_3.py:76: in test_test_send_fails_gracefully
    assert "detail" in r.json()
                       ^^^^^^^^
/root/.venv/lib/python3.11/site-packages/requests/models.py:1120: in json
    raise RequestsJSONDecodeError(e.msg, e.doc, e.pos)
E   requests.exceptions.JSONDecodeError: Expecting value: line 1 column 1 (char 0)</failure></testcase><testcase classname="tests.test_iteration_3.TestSmtpTestSend" name="test_test_send_requires_recipient" time="0.165" /><testcase classname="tests.test_iteration_3.TestEmailLog" name="test_email_log_accessible" time="0.108" /></testsuite></testsuites>