<?xml version="1.0" encoding="utf-8"?><testsuites name="pytest tests"><testsuite name="pytest" errors="0" failures="0" skipped="0" tests="20" time="5.831" timestamp="2026-07-04T09:15:26.417029+00:00" hostname="agent-env-9f1809fd-fe2a-4b1d-93d3-25c1bb39eadd"><testcase classname="tests.test_iteration_14_super_branding.TestSuperAuth" name="test_login_success" time="0.721" /><testcase classname="tests.test_iteration_14_super_branding.TestSuperTenantMgmt" name="test_list_tenants_includes_mark_rose" time="0.722" /><testcase classname="tests.test_iteration_14_super_branding.TestSuperAuth" name="test_login_bad_pw" time="0.323" /><testcase classname="tests.test_iteration_14_super_branding.TestSuperTenantMgmt" name="test_create_tenant_provisions_demo" time="1.517" /><testcase classname="tests.test_iteration_14_super_branding.TestSuperAuth" name="test_list_requires_auth" time="0.254" /><testcase classname="tests.test_iteration_14_super_branding.TestSuperAuth" name="test_tenant_token_forbidden" time="0.616" /><testcase classname="tests.test_iteration_14_super_branding.TestSuperAuth" name="test_plans" time="0.420" /><testcase classname="tests.test_iteration_14_super_branding.TestSuperTenantMgmt" name="test_create_tenant_duplicate_username" time="0.127" /><testcase classname="tests.test_iteration_14_super_branding.TestBranding" name="test_get_branding_mark" time="0.095" /><testcase classname="tests.test_iteration_14_super_branding.TestSuperTenantMgmt" name="test_create_tenant_invalid_plan" time="0.131" /><testcase classname="tests.test_iteration_14_super_branding.TestBranding" name="test_update_branding" time="0.467" /><testcase classname="tests.test_iteration_14_super_branding.TestSuperTenantMgmt" name="test_set_plan_and_status" time="0.450" /><testcase classname="tests.test_iteration_14_super_branding.TestBranding" name="test_upload_logo_and_serve" time="0.799" /><testcase classname="tests.test_iteration_14_super_branding.TestSuperTenantMgmt" name="test_set_status_invalid" time="0.153" /><testcase classname="tests.test_iteration_14_super_branding.TestSuperTenantMgmt" name="test_delete_created_tenants" time="0.246" /><testcase classname="tests.test_iteration_14_super_branding.TestBranding" name="test_upload_logo_rejects_bad_ext" time="0.321" /><testcase classname="tests.test_iteration_14_super_branding.TestIsolation" name="test_mark_rose_galleries_disjoint" time="0.883" /><testcase classname="tests.test_iteration_14_super_branding.TestBranding" name="test_branding_requires_auth" time="0.110" /><testcase classname="tests.test_iteration_14_super_branding.TestIsolation" name="test_mark_branding_does_not_change_rose" time="0.499" /><testcase classname="tests.test_iteration_14_super_branding.TestShareBranding" name="test_share_meta_has_branding" time="0.289" /></testsuite></testsuites>