<?xml version="1.0" encoding="utf-8"?><testsuites name="pytest tests"><testsuite name="pytest" errors="0" failures="0" skipped="0" tests="13" time="4.674" timestamp="2026-07-02T15:59:30.873468+00:00" hostname="agent-env-9f1809fd-fe2a-4b1d-93d3-25c1bb39eadd"><testcase classname="tests.test_iteration_2.TestBillingPlans" name="test_plans_shape" time="0.234" /><testcase classname="tests.test_iteration_2.TestBillingPlans" name="test_checkout_requires_auth" time="0.284" /><testcase classname="tests.test_iteration_2.TestPlanMetadata" name="test_dashboard_stats_has_plan_label" time="0.872" /><testcase classname="tests.test_iteration_2.TestBillingPlans" name="test_checkout_invalid_plan" time="0.682" /><testcase classname="tests.test_iteration_2.TestPlanMetadata" name="test_super_admin_tenants_has_gallery_count_and_subdomain" time="0.459" /><testcase classname="tests.test_iteration_2.TestBillingPlans" name="test_checkout_missing_origin" time="0.175" /><testcase classname="tests.test_iteration_2.TestPlanMetadata" name="test_super_admin_overview_total_galleries" time="0.103" /><testcase classname="tests.test_iteration_2.TestBillingPlans" name="test_checkout_creates_session_and_status" time="1.507" /><testcase classname="tests.test_iteration_2.TestPublicTenant" name="test_demo_subdomain" time="1.083" /><testcase classname="tests.test_iteration_2.TestPublicTenant" name="test_unknown_subdomain" time="0.127" /><testcase classname="tests.test_iteration_2.TestShareAutoSlug" name="test_slug_from_couple_name" time="0.809" /><testcase classname="tests.test_iteration_2.TestBillingPlans" name="test_status_unknown_session_404" time="0.120" /><testcase classname="tests.test_iteration_2.TestGalleryLimit" name="test_limit_enforced_and_restore" time="1.067" /></testsuite></testsuites>