<?xml version="1.0" encoding="utf-8"?><testsuites name="pytest tests"><testsuite name="pytest" errors="0" failures="0" skipped="0" tests="6" time="3.738" timestamp="2026-07-03T08:43:09.064707+00:00" hostname="agent-env-9f1809fd-fe2a-4b1d-93d3-25c1bb39eadd"><testcase classname="tests.test_iteration_4" name="test_super_login" time="0.358" /><testcase classname="tests.test_iteration_4" name="test_create_tenant_professional_success_and_cleanup" time="0.527" /><testcase classname="tests.test_iteration_4" name="test_create_tenant_rejects_invalid_plan" time="0.096" /><testcase classname="tests.test_iteration_4" name="test_overview_reports_plans_by_gallery_count" time="0.095" /><testcase classname="tests.test_iteration_4" name="test_demo_dashboard_stats_has_gallery_limit" time="0.429" /><testcase classname="tests.test_iteration_4" name="test_gallery_limit_enforcement_402_on_starter_tenant" time="1.664" /></testsuite></testsuites>