<?xml version="1.0" encoding="utf-8"?><testsuites name="pytest tests"><testsuite name="pytest" errors="0" failures="0" skipped="0" tests="3" time="1.545" timestamp="2026-07-03T16:26:38.945950+00:00" hostname="agent-env-9f1809fd-fe2a-4b1d-93d3-25c1bb39eadd"><testcase classname="tests.test_iteration_11_download_zip" name="test_get_download_zip_streams_valid_zip" time="0.610" /><testcase classname="tests.test_iteration_11_download_zip" name="test_post_download_zip_backwards_compatible" time="0.192" /><testcase classname="tests.test_iteration_11_download_zip" name="test_download_zip_access_control_on_view_only_share" time="0.166" /></testsuite></testsuites>