<?xml version="1.0" encoding="utf-8"?><testsuites name="pytest tests"><testsuite name="pytest" errors="0" failures="0" skipped="0" tests="8" time="2.558" timestamp="2026-07-03T10:11:40.597111+00:00" hostname="agent-env-9f1809fd-fe2a-4b1d-93d3-25c1bb39eadd"><testcase classname="tests.test_iteration_9_phase78.TestSendTemplate" name="test_send_template_graceful_smtp_fail" time="1.248" /><testcase classname="tests.test_iteration_9_phase78.TestQrPdf" name="test_qr_pdf_download[minimal]" time="0.969" /><testcase classname="tests.test_iteration_9_phase78.TestQrPdf" name="test_qr_pdf_download[classic]" time="0.212" /><testcase classname="tests.test_iteration_9_phase78.TestQrPdf" name="test_qr_pdf_download[botanical]" time="0.255" /><testcase classname="tests.test_iteration_9_phase78.TestSendTemplate" name="test_send_template_unknown_template_404" time="0.138" /><testcase classname="tests.test_iteration_9_phase78.TestEmailTemplates" name="test_full_crud" time="0.621" /><testcase classname="tests.test_iteration_9_phase78.TestQrPdf" name="test_qr_pdf_invalid_design_falls_back" time="0.191" /><testcase classname="tests.test_iteration_9_phase78.TestQrPdf" name="test_qr_pdf_unknown_share_404" time="0.202" /></testsuite></testsuites>