<?xml version="1.0" encoding="utf-8"?><testsuites name="pytest tests"><testsuite name="pytest" errors="0" failures="0" skipped="0" tests="11" time="1.739" timestamp="2026-07-03T09:58:02.104815+00:00" hostname="agent-env-9f1809fd-fe2a-4b1d-93d3-25c1bb39eadd"><testcase classname="tests.test_iteration_8_phase6.TestPayPalConfig" name="test_get_paypal_initial" time="0.434" /><testcase classname="tests.test_iteration_8_phase6.TestPayPalConfig" name="test_put_and_masked_secret" time="0.089" /><testcase classname="tests.test_iteration_8_phase6.TestPayPalConfig" name="test_clear_paypal_config" time="0.089" /><testcase classname="tests.test_iteration_8_phase6.TestPrintSizes" name="test_get_sizes" time="0.372" /><testcase classname="tests.test_iteration_8_phase6.TestPrintSizes" name="test_put_sizes_and_persistence" time="0.090" /><testcase classname="tests.test_iteration_8_phase6.TestPublicOrder" name="test_public_sizes" time="0.105" /><testcase classname="tests.test_iteration_8_phase6.TestPublicOrder" name="test_email_required" time="0.099" /><testcase classname="tests.test_iteration_8_phase6.TestPublicOrder" name="test_zero_qty_blocked" time="0.107" /><testcase classname="tests.test_iteration_8_phase6.TestPublicOrder" name="test_place_order_awaiting_contact" time="0.138" /><testcase classname="tests.test_iteration_8_phase6.TestPublicOrder" name="test_server_computes_total" time="0.044" /><testcase classname="tests.test_iteration_8_phase6.TestPublicOrder" name="test_update_order_status" time="0.089" /></testsuite></testsuites>