<?xml version="1.0" encoding="utf-8"?><testsuites name="pytest tests"><testsuite name="pytest" errors="0" failures="0" skipped="0" tests="9" time="1.788" timestamp="2026-07-03T16:11:54.971129+00:00" hostname="agent-env-9f1809fd-fe2a-4b1d-93d3-25c1bb39eadd"><testcase classname="tests.test_iteration_10_public_base.TestResolvePublicBase" name="test_public_base_url_wins_and_strips_trailing_slash" time="0.072" /><testcase classname="tests.test_iteration_10_public_base.TestResolvePublicBase" name="test_public_base_url_whitespace_trimmed" time="0.000" /><testcase classname="tests.test_iteration_10_public_base.TestResolvePublicBase" name="test_falls_back_to_root_domain" time="0.000" /><testcase classname="tests.test_iteration_10_public_base.TestResolvePublicBase" name="test_empty_when_neither_set" time="0.000" /><testcase classname="tests.test_iteration_10_public_base.TestResolvePublicBase" name="test_empty_when_root_domain_invalid" time="0.000" /><testcase classname="tests.test_iteration_10_public_base.TestExpiryReminders" name="test_sends_absolute_link_and_sets_flag" time="0.202" /><testcase classname="tests.test_iteration_10_public_base.TestExpiryReminders" name="test_skips_when_no_base_resolvable" time="0.003" /><testcase classname="tests.test_iteration_10_public_base.TestLogoAbsoluteUrl" name="test_logo_returns_absolute_https_url" time="0.846" /><testcase classname="tests.test_iteration_10_public_base.TestQrPdfRegression" name="test_qr_pdf_still_works" time="0.585" /></testsuite></testsuites>