<?xml version="1.0" encoding="utf-8"?><testsuites name="pytest tests"><testsuite name="pytest" errors="0" failures="0" skipped="0" tests="28" time="9.098" timestamp="2026-07-03T16:35:25.029985+00:00" hostname="agent-env-9f1809fd-fe2a-4b1d-93d3-25c1bb39eadd"><testcase classname="tests.test_iteration_12_regression.TestSuperAdmin" name="test_login_and_me" time="0.557" /><testcase classname="tests.test_iteration_12_regression.TestSuperAdmin" name="test_overview" time="0.112" /><testcase classname="tests.test_iteration_12_regression.TestSuperAdmin" name="test_create_professional_tenant" time="0.556" /><testcase classname="tests.test_iteration_12_regression.TestSuperAdmin" name="test_trial_extend_and_comp" time="0.254" /><testcase classname="tests.test_iteration_12_regression.TestSuperAdmin" name="test_paypal_config_masks_secret" time="0.414" /><testcase classname="tests.test_iteration_12_regression.TestAuth" name="test_register_and_auto_login" time="0.557" /><testcase classname="tests.test_iteration_12_regression.TestAuth" name="test_demo_login" time="0.458" /><testcase classname="tests.test_iteration_12_regression.TestAuth" name="test_login_bad_password" time="0.343" /><testcase classname="tests.test_iteration_12_regression.TestGalleryLimit" name="test_402_when_over_limit" time="0.744" /><testcase classname="tests.test_iteration_12_regression.TestTenantGallery" name="test_dashboard_stats" time="0.108" /><testcase classname="tests.test_iteration_12_regression.TestTenantGallery" name="test_create_gallery_and_subfolders" time="0.107" /><testcase classname="tests.test_iteration_12_regression.TestTenantGallery" name="test_upload_photo" time="0.123" /><testcase classname="tests.test_iteration_12_regression.TestTenantGallery" name="test_create_shares_variants" time="0.740" /><testcase classname="tests.test_iteration_12_regression.TestTenantGallery" name="test_qr_pdf_all_designs" time="0.713" /><testcase classname="tests.test_iteration_12_regression.TestTenantGallery" name="test_notify_smtp_graceful" time="0.154" /><testcase classname="tests.test_iteration_12_regression.TestTenantGallery" name="test_teardown_gallery" time="0.109" /><testcase classname="tests.test_iteration_12_regression.TestSettings" name="test_print_sizes_crud" time="0.292" /><testcase classname="tests.test_iteration_12_regression.TestSettings" name="test_smtp_get_masks_password" time="0.101" /><testcase classname="tests.test_iteration_12_regression.TestSettings" name="test_email_templates_crud" time="0.307" /><testcase classname="tests.test_iteration_12_regression.TestSettings" name="test_orders_list" time="0.105" /><testcase classname="tests.test_iteration_12_regression.TestPublicShare" name="test_share_meta" time="0.140" /><testcase classname="tests.test_iteration_12_regression.TestPublicShare" name="test_share_access_and_files" time="0.115" /><testcase classname="tests.test_iteration_12_regression.TestPublicShare" name="test_favourite_toggle_and_submit" time="0.415" /><testcase classname="tests.test_iteration_12_regression.TestPublicShare" name="test_download_single" time="0.208" /><testcase classname="tests.test_iteration_12_regression.TestPublicShare" name="test_download_zip_stream" time="0.142" /><testcase classname="tests.test_iteration_12_regression.TestPublicShare" name="test_print_sizes_endpoint" time="0.107" /><testcase classname="tests.test_iteration_12_regression.TestPublicShare" name="test_print_order_manual_path" time="0.228" /><testcase classname="tests.test_iteration_12_regression.TestPublicBase" name="test_no_broken_scheme_in_meta" time="0.772" /></testsuite></testsuites>