<?xml version="1.0" encoding="utf-8"?><testsuites name="pytest tests"><testsuite name="pytest" errors="0" failures="0" skipped="1" tests="8" time="3.650" timestamp="2026-07-05T16:05:48.203876+00:00" hostname="agent-env-9f1809fd-fe2a-4b1d-93d3-25c1bb39eadd"><testcase classname="tests.test_iteration_18_paypal_trial.TestTrialCap" name="test_signup_new_trial_tenant_and_hit_cap" time="2.129" /><testcase classname="tests.test_iteration_18_paypal_trial.TestPrintSettings" name="test_get_defaults" time="0.953" /><testcase classname="tests.test_iteration_18_paypal_trial.TestPrintSettings" name="test_save_paypalme_sanitises_handle" time="0.214" /><testcase classname="tests.test_iteration_18_paypal_trial.TestPrintSettings" name="test_save_api_and_secret_preserved_on_mask" time="0.422" /><testcase classname="tests.test_iteration_18_paypal_trial.TestPrintSettings" name="test_public_print_sizes_exposes_client_id_only_for_api" time="0.865" /><testcase classname="tests.test_iteration_18_paypal_trial.TestTrialCap" name="test_lifetime_trial_keeps_full_plan_limit" time="0.427" /><testcase classname="tests.test_iteration_18_paypal_trial.TestPrintSettings" name="test_min_order_and_shipping_applied" time="0.475"><skipped type="pytest.skip" message="no files in gallery; cannot test print order">/app/backend/tests/test_iteration_18_paypal_trial.py:182: no files in gallery; cannot test print order</skipped></testcase><testcase classname="tests.test_iteration_18_paypal_trial.TestPrintSettings" name="test_reset_to_defaults_for_mark" time="0.118" /></testsuite></testsuites>