<?xml version="1.0" encoding="utf-8"?><testsuites name="pytest tests"><testsuite name="pytest" errors="0" failures="0" skipped="0" tests="4" time="2.432" timestamp="2026-07-03T09:08:52.777399+00:00" hostname="agent-env-9f1809fd-fe2a-4b1d-93d3-25c1bb39eadd"><testcase classname="tests.test_logo_upload.TestLogoUpload" name="test_upload_requires_auth" time="0.250" /><testcase classname="tests.test_logo_upload.TestLogoUpload" name="test_upload_rejects_non_image" time="0.468" /><testcase classname="tests.test_logo_upload.TestLogoUpload" name="test_upload_png_returns_absolute_url_and_serves_public" time="1.058" /><testcase classname="tests.test_logo_upload.TestLogoUpload" name="test_public_asset_bad_id_404" time="0.131" /></testsuite></testsuites>