<?xml version="1.0" encoding="utf-8"?><testsuites name="pytest tests"><testsuite name="pytest" errors="0" failures="2" skipped="1" tests="29" time="7.223" timestamp="2026-07-02T15:59:48.722825+00:00" hostname="agent-env-9f1809fd-fe2a-4b1d-93d3-25c1bb39eadd"><testcase classname="tests.backend_test.TestSuperAdmin" name="test_login_invalid" time="0.128" /><testcase classname="tests.backend_test.TestGalleryFlow" name="test_create_gallery" time="0.646" /><testcase classname="tests.backend_test.TestGalleryFlow" name="test_list_galleries" time="0.117" /><testcase classname="tests.backend_test.TestSuperAdmin" name="test_login_success" time="0.523" /><testcase classname="tests.backend_test.TestSuperAdmin" name="test_list_tenants" time="0.106" /><testcase classname="tests.backend_test.TestSuperAdmin" name="test_overview" time="0.119"><failure message="AssertionError: assert 'total_storage_limit_bytes' in {'tenant_count': 2, 'active_count': 2, 'suspended_count': 0, 'total_storage_used_bytes': 30548, ...}">backend/tests/backend_test.py:90: in test_overview
    assert k in d
E   AssertionError: assert 'total_storage_limit_bytes' in {'tenant_count': 2, 'active_count': 2, 'suspended_count': 0, 'total_storage_used_bytes': 30548, ...}</failure></testcase><testcase classname="tests.backend_test.TestGalleryFlow" name="test_get_gallery" time="0.105" /><testcase classname="tests.backend_test.TestGalleryFlow" name="test_dashboard_stats" time="0.107"><failure message="AssertionError: assert 'storage_limit_bytes' in {'active_galleries': 3, 'expiring_soon': 0, 'downloads_this_week': 0, 'pending_albums': 3, ...}">backend/tests/backend_test.py:186: in test_dashboard_stats
    assert k in d
E   AssertionError: assert 'storage_limit_bytes' in {'active_galleries': 3, 'expiring_soon': 0, 'downloads_this_week': 0, 'pending_albums': 3, ...}</failure></testcase><testcase classname="tests.backend_test.TestSuperAdmin" name="test_create_suspend_unsuspend_impersonate" time="2.153" /><testcase classname="tests.backend_test.TestGalleryFlow" name="test_upload_image" time="1.243" /><testcase classname="tests.backend_test.TestGalleryFlow" name="test_storage_quota_logic_exists" time="0.000" /><testcase classname="tests.backend_test.TestGalleryFlow" name="test_storage_quota_enforcement" time="0.328"><skipped type="pytest.skip" message="Replaced by gallery-limit test in iteration_2 tests">/app/backend/tests/backend_test.py:233: Replaced by gallery-limit test in iteration_2 tests</skipped></testcase><testcase classname="tests.backend_test.TestGalleryFlow" name="test_create_share_no_password" time="0.137" /><testcase classname="tests.backend_test.TestGalleryFlow" name="test_create_share_with_password" time="0.336" /><testcase classname="tests.backend_test.TestGalleryFlow" name="test_toggle_share" time="0.453" /><testcase classname="tests.backend_test.TestTenantAuth" name="test_demo_login" time="0.325" /><testcase classname="tests.backend_test.TestTenantAuth" name="test_me" time="0.180" /><testcase classname="tests.backend_test.TestGalleryFlow" name="test_public_share_meta_no_password" time="0.123" /><testcase classname="tests.backend_test.TestTenantAuth" name="test_login_bad_password" time="0.332" /><testcase classname="tests.backend_test.TestGalleryFlow" name="test_public_share_files_no_password" time="0.276" /><testcase classname="tests.backend_test.TestTenantAuth" name="test_me_no_token" time="0.330" /><testcase classname="tests.backend_test.TestGalleryFlow" name="test_public_share_wrong_password" time="0.333" /><testcase classname="tests.backend_test.TestHealth" name="test_health" time="0.105" /><testcase classname="tests.backend_test.TestGalleryFlow" name="test_public_share_right_password" time="0.371" /><testcase classname="tests.backend_test.TestMultiTenantIsolation" name="test_tenant_b_cannot_see_tenant_a" time="2.220" /><testcase classname="tests.backend_test.TestGalleryFlow" name="test_favourite_toggle" time="0.570" /><testcase classname="tests.backend_test.TestGalleryFlow" name="test_submit_favourites" time="0.363" /><testcase classname="tests.backend_test.TestGalleryFlow" name="test_share_download_file" time="0.336" /><testcase classname="tests.backend_test.TestGalleryFlow" name="test_delete_share" time="0.221" /></testsuite></testsuites>