<?xml version="1.0" encoding="utf-8"?><testsuites name="pytest tests"><testsuite name="pytest" errors="0" failures="0" skipped="1" tests="42" time="81.251" timestamp="2026-07-02T16:00:14.003413+00:00" hostname="agent-env-9f1809fd-fe2a-4b1d-93d3-25c1bb39eadd"><testcase classname="tests.test_iteration_2.TestBillingPlans" name="test_plans_shape" time="0.397" /><testcase classname="tests.backend_test.TestGalleryFlow" name="test_create_gallery" time="1.823" /><testcase classname="tests.test_iteration_2.TestBillingPlans" name="test_checkout_requires_auth" time="0.101" /><testcase classname="tests.test_iteration_2.TestBillingPlans" name="test_checkout_invalid_plan" time="0.436" /><testcase classname="tests.test_iteration_2.TestBillingPlans" name="test_checkout_missing_origin" time="0.125" /><testcase classname="tests.test_iteration_2.TestBillingPlans" name="test_checkout_creates_session_and_status" time="1.184" /><testcase classname="tests.backend_test.TestGalleryFlow" name="test_list_galleries" time="0.446" /><testcase classname="tests.test_iteration_2.TestBillingPlans" name="test_status_unknown_session_404" time="0.114" /><testcase classname="tests.backend_test.TestGalleryFlow" name="test_get_gallery" time="0.161" /><testcase classname="tests.backend_test.TestSuperAdmin" name="test_login_invalid" time="0.108" /><testcase classname="tests.backend_test.TestGalleryFlow" name="test_dashboard_stats" time="0.141" /><testcase classname="tests.backend_test.TestGalleryFlow" name="test_upload_image" time="0.953" /><testcase classname="tests.backend_test.TestSuperAdmin" name="test_login_success" time="0.344" /><testcase classname="tests.backend_test.TestSuperAdmin" name="test_list_tenants" time="0.111" /><testcase classname="tests.backend_test.TestSuperAdmin" name="test_overview" time="0.146" /><testcase classname="tests.backend_test.TestSuperAdmin" name="test_create_suspend_unsuspend_impersonate" time="2.138" /><testcase classname="tests.backend_test.TestGalleryFlow" name="test_storage_quota_logic_exists" time="0.000" /><testcase classname="tests.backend_test.TestGalleryFlow" name="test_storage_quota_enforcement" time="0.333"><skipped type="pytest.skip" message="Replaced by gallery-limit test in iteration_2 tests">/app/backend/tests/backend_test.py:233: Replaced by gallery-limit test in iteration_2 tests</skipped></testcase><testcase classname="tests.backend_test.TestGalleryFlow" name="test_create_share_no_password" time="0.259" /><testcase classname="tests.backend_test.TestGalleryFlow" name="test_create_share_with_password" time="0.332" /><testcase classname="tests.backend_test.TestGalleryFlow" name="test_toggle_share" time="0.479" /><testcase classname="tests.backend_test.TestGalleryFlow" name="test_public_share_meta_no_password" time="0.153" /><testcase classname="tests.backend_test.TestGalleryFlow" name="test_public_share_files_no_password" time="0.118" /><testcase classname="tests.backend_test.TestGalleryFlow" name="test_public_share_wrong_password" time="0.326" /><testcase classname="tests.backend_test.TestGalleryFlow" name="test_public_share_right_password" time="0.509" /><testcase classname="tests.backend_test.TestTenantAuth" name="test_demo_login" time="0.573" /><testcase classname="tests.backend_test.TestTenantAuth" name="test_me" time="0.255" /><testcase classname="tests.backend_test.TestTenantAuth" name="test_login_bad_password" time="0.338" /><testcase classname="tests.backend_test.TestGalleryFlow" name="test_favourite_toggle" time="0.443" /><testcase classname="tests.backend_test.TestTenantAuth" name="test_me_no_token" time="0.142" /><testcase classname="tests.backend_test.TestGalleryFlow" name="test_submit_favourites" time="0.112" /><testcase classname="tests.backend_test.TestGalleryFlow" name="test_share_download_file" time="0.270" /><testcase classname="tests.backend_test.TestGalleryFlow" name="test_delete_share" time="68.388" /><testcase classname="tests.test_iteration_2.TestPlanMetadata" name="test_dashboard_stats_has_plan_label" time="0.460" /><testcase classname="tests.test_iteration_2.TestPlanMetadata" name="test_super_admin_tenants_has_gallery_count_and_subdomain" time="68.709" /><testcase classname="tests.test_iteration_2.TestPublicTenant" name="test_demo_subdomain" time="0.156" /><testcase classname="tests.test_iteration_2.TestPublicTenant" name="test_unknown_subdomain" time="0.137" /><testcase classname="tests.backend_test.TestMultiTenantIsolation" name="test_tenant_b_cannot_see_tenant_a" time="3.153" /><testcase classname="tests.test_iteration_2.TestPlanMetadata" name="test_super_admin_overview_total_galleries" time="0.131" /><testcase classname="tests.backend_test.TestHealth" name="test_health" time="0.111" /><testcase classname="tests.test_iteration_2.TestGalleryLimit" name="test_limit_enforced_and_restore" time="1.363" /><testcase classname="tests.test_iteration_2.TestShareAutoSlug" name="test_slug_from_couple_name" time="0.543" /></testsuite></testsuites>